2016-12-02 16:27:51,803 - Login Pressure - INFO - maggie login spends 0.8404941558837891 seconds.
2016-12-02 16:27:51,804 - Login Pressure - INFO - a1 login spends 0.9073350429534912 seconds.
2016-12-02 16:27:51,826 - Login Pressure - INFO - s4 login spends 0.9239330291748047 seconds.
2016-12-02 16:27:51,865 - Login Pressure - INFO - admin login spends 0.9809200763702393 seconds.
2016-12-02 16:27:51,870 - Login Pressure - INFO - 1234567 login spends 0.9248669147491455 seconds.
2016-12-02 16:27:51,896 - Login Pressure - INFO - s2 login spends 0.9969329833984375 seconds.
2016-12-02 16:27:51,955 - Login Pressure - INFO - stu_3 login spends 0.9957380294799805 seconds.
2016-12-02 16:27:51,960 - Login Pressure - INFO - t2 login spends 1.001309871673584 seconds.
2016-12-02 16:27:51,991 - Login Pressure - INFO - s5 login spends 1.0849130153656006 seconds.
2016-12-02 16:27:52,004 - Login Pressure - INFO - s9 login spends 1.0175659656524658 seconds.
2016-12-02 16:27:52,022 - Login Pressure - INFO - s1 login spends 1.1250879764556885 seconds.
2016-12-02 16:27:52,044 - Login Pressure - INFO - s3 login spends 1.142503023147583 seconds.
2016-12-02 16:27:52,072 - Login Pressure - INFO - lijinlisa2 login spends 1.1582858562469482 seconds.
2016-12-02 16:27:52,073 - Login Pressure - INFO - lijinlisa1 login spends 1.1607420444488525 seconds.
2016-12-02 16:27:52,116 - Login Pressure - INFO - ss2 login spends 1.1744518280029297 seconds.
2016-12-02 16:27:52,128 - Login Pressure - INFO - stu_1 login spends 1.2231190204620361 seconds.
2016-12-02 16:27:52,158 - Login Pressure - INFO - s10 login spends 1.1698548793792725 seconds.
2016-12-02 16:27:52,165 - Login Pressure - INFO - xuesheng2 login spends 1.2574200630187988 seconds.
2016-12-02 16:27:52,199 - Login Pressure - INFO - tang1 login spends 1.2824158668518066 seconds.
2016-12-02 16:27:52,239 - Login Pressure - INFO - s_hu login spends 1.2972471714019775 seconds.
2016-12-02 16:27:52,295 - Login Pressure - INFO - Test login spends 1.315596103668213 seconds.
2016-12-02 16:27:52,315 - Login Pressure - INFO - xuesheng4 login spends 1.400519847869873 seconds.
2016-12-02 16:27:52,339 - Login Pressure - INFO - test1 login spends 1.3878211975097656 seconds.
2016-12-02 16:27:52,347 - Login Pressure - INFO - xuesheng3 login spends 1.4358508586883545 seconds.
2016-12-02 16:27:52,371 - Login Pressure - INFO - t1 login spends 1.4158079624176025 seconds.
2016-12-02 16:27:52,454 - Login Pressure - INFO - s8 login spends 1.469862937927246 seconds.
2016-12-02 16:27:52,460 - Login Pressure - INFO - shizuo login spends 1.4875061511993408 seconds.
2016-12-02 16:27:52,478 - Login Pressure - INFO - 测试 login spends 1.501343011856079 seconds.
2016-12-02 16:27:52,490 - Login Pressure - INFO - t3 login spends 1.5163390636444092 seconds.
2016-12-02 16:27:52,499 - Login Pressure - INFO - 12312 login spends 1.5342018604278564 seconds.
2016-12-02 16:27:52,574 - Login Pressure - INFO - sdad login spends 1.5671579837799072 seconds.
2016-12-02 16:27:52,617 - Login Pressure - INFO - ss1 login spends 1.6964452266693115 seconds.
2016-12-02 16:27:52,618 - Login Pressure - INFO - TStu01 login spends 1.6119179725646973 seconds.
2016-12-02 16:27:52,622 - Login Pressure - INFO - s12 login spends 1.6196401119232178 seconds.
2016-12-02 16:27:52,643 - Login Pressure - INFO - s11 login spends 1.6503641605377197 seconds.
2016-12-02 16:27:52,694 - Login Pressure - INFO - s13 login spends 1.687587022781372 seconds.
2016-12-02 16:27:52,739 - Login Pressure - INFO - tt8 login spends 1.7128691673278809 seconds.
2016-12-02 16:27:52,758 - Login Pressure - INFO - 学生1 login spends 1.8416171073913574 seconds.
2016-12-02 16:27:52,769 - Login Pressure - INFO - T6 login spends 1.761484146118164 seconds.
2016-12-02 16:27:52,793 - Login Pressure - INFO - stu_5 login spends 1.7829358577728271 seconds.
2016-12-02 16:27:52,864 - Login Pressure - INFO - tt7 login spends 1.8414430618286133 seconds.
2016-12-02 16:27:52,886 - Login Pressure - INFO - tt9 login spends 1.8574550151824951 seconds.
2016-12-02 16:27:52,898 - Login Pressure - INFO - wuyan login spends 1.936418056488037 seconds.
2016-12-02 16:27:52,906 - Login Pressure - INFO - tuser login spends 1.8985960483551025 seconds.
2016-12-02 16:27:52,978 - Login Pressure - INFO - tt13 login spends 1.9302000999450684 seconds.
2016-12-02 16:27:53,009 - Login Pressure - INFO - tt15 login spends 1.9486091136932373 seconds.
2016-12-02 16:27:53,031 - Login Pressure - INFO - tstu002 login spends 2.0187149047851562 seconds.
2016-12-02 16:27:53,052 - Login Pressure - INFO - Hebe login spends 2.035310983657837 seconds.
2016-12-02 16:27:53,106 - Login Pressure - INFO - tt16 login spends 2.0438129901885986 seconds.
2016-12-02 16:27:53,131 - Login Pressure - INFO - tt19 login spends 2.0569190979003906 seconds.
2016-12-02 16:27:53,150 - Login Pressure - INFO - CC login spends 2.130873918533325 seconds.
2016-12-02 16:27:53,197 - Login Pressure - INFO - tt12 login spends 2.155478000640869 seconds.
2016-12-02 16:27:53,217 - Login Pressure - INFO - BB login spends 2.1413040161132812 seconds.
2016-12-02 16:27:53,243 - Login Pressure - INFO - DD login spends 2.162810802459717 seconds.
2016-12-02 16:27:53,298 - Login Pressure - INFO - tt14 login spends 2.2444798946380615 seconds.
2016-12-02 16:27:53,336 - Login Pressure - INFO - dtnd login spends 2.2482848167419434 seconds.
2016-12-02 16:27:53,339 - Login Pressure - INFO - tt17 login spends 2.269364833831787 seconds.
2016-12-02 16:27:53,376 - Login Pressure - INFO - f1 login spends 2.2935619354248047 seconds.
2016-12-02 16:27:53,448 - Login Pressure - INFO - tt18 login spends 2.3753650188446045 seconds.
2016-12-02 16:27:53,454 - Login Pressure - INFO - new_learner login spends 2.3600080013275146 seconds.
2016-12-02 16:27:53,480 - Login Pressure - INFO - AA login spends 2.4020259380340576 seconds.
2016-12-02 16:27:53,497 - Login Pressure - INFO - stu_2 login spends 2.396521806716919 seconds.
2016-12-02 16:27:53,580 - Login Pressure - INFO - a1-1 login spends 2.4725518226623535 seconds.
2016-12-02 16:27:53,591 - Login Pressure - INFO - 测试跟踪权限 login spends 2.5068359375 seconds.
2016-12-02 16:27:53,620 - Login Pressure - INFO - stu_6 login spends 2.5303399562835693 seconds.
2016-12-02 16:27:53,621 - Login Pressure - INFO - nini login spends 2.516258955001831 seconds.
2016-12-02 16:27:53,689 - Login Pressure - INFO - gao_stu login spends 2.5787739753723145 seconds.
2016-12-02 16:27:53,738 - Login Pressure - INFO - gaoh login spends 2.6405251026153564 seconds.
2016-12-02 16:27:53,750 - Login Pressure - INFO - newer3 login spends 2.6381168365478516 seconds.
2016-12-02 16:27:53,751 - Login Pressure - INFO - aaaaa login spends 2.6309101581573486 seconds.
2016-12-02 16:27:53,810 - Login Pressure - INFO - gaogao login spends 2.6874990463256836 seconds.
2016-12-02 16:27:53,864 - Login Pressure - INFO - bangding login spends 2.7319440841674805 seconds.
2016-12-02 16:27:53,877 - Login Pressure - INFO - stu_4 login spends 2.758979082107544 seconds.
2016-12-02 16:27:53,882 - Login Pressure - INFO - newer5 login spends 2.752471923828125 seconds.
2016-12-02 16:27:53,921 - Login Pressure - INFO - stu_8 login spends 2.7950379848480225 seconds.
2016-12-02 16:27:53,926 - Login Pressure - INFO - dadgaea login spends 2.785240888595581 seconds.
2016-12-02 16:27:53,941 - Login Pressure - INFO - newer6 login spends 2.8029050827026367 seconds.
2016-12-02 16:27:53,999 - Login Pressure - INFO - afaf login spends 2.853955030441284 seconds.
2016-12-02 16:27:54,029 - Login Pressure - INFO - hgfhgf login spends 2.8766608238220215 seconds.
2016-12-02 16:27:54,051 - Login Pressure - INFO - vfdko login spends 2.902017116546631 seconds.
2016-12-02 16:27:54,070 - Login Pressure - INFO - 牛牛 login spends 2.911130905151367 seconds.
2016-12-02 16:27:54,075 - Login Pressure - INFO - deweths login spends 2.9185869693756104 seconds.
2016-12-02 16:27:54,082 - Login Pressure - INFO - tstu3 login spends 2.919534921646118 seconds.
2016-12-02 16:27:54,147 - Login Pressure - INFO - tstu31 login spends 2.9734408855438232 seconds.
2016-12-02 16:27:54,183 - Login Pressure - INFO - tstu4 login spends 3.0161759853363037 seconds.
2016-12-02 16:27:54,183 - Login Pressure - INFO - tstu5 login spends 3.0131430625915527 seconds.
2016-12-02 16:27:54,220 - Login Pressure - INFO - tstu32 login spends 3.0429110527038574 seconds.
2016-12-02 16:27:54,256 - Login Pressure - INFO - tstu41 login spends 3.0740749835968018 seconds.
2016-12-02 16:27:54,276 - Login Pressure - INFO - tstu33 login spends 3.0974879264831543 seconds.
2016-12-02 16:27:54,278 - Login Pressure - INFO - tstu42 login spends 3.093442916870117 seconds.
2016-12-02 16:27:54,324 - Login Pressure - INFO - tstu52 login spends 3.1300179958343506 seconds.
2016-12-02 16:27:54,330 - Login Pressure - INFO - tstu43 login spends 3.142375946044922 seconds.
2016-12-02 16:27:54,375 - Login Pressure - INFO - tstu53 login spends 3.17928409576416 seconds.
2016-12-02 16:27:54,375 - Login Pressure - INFO - tstu51 login spends 3.183588981628418 seconds.
2016-12-02 16:27:54,417 - Login Pressure - INFO - lw1 login spends 3.2106571197509766 seconds.
2016-12-02 16:27:54,450 - Login Pressure - INFO - 员工管理者 login spends 3.2523210048675537 seconds.
2016-12-02 16:27:54,451 - Login Pressure - INFO - tstu521 login spends 3.2478649616241455 seconds.
2016-12-02 16:27:54,494 - Login Pressure - INFO - lw8 login spends 3.2725019454956055 seconds.
2016-12-02 16:27:54,501 - Login Pressure - INFO - hanxw student login spends 3.300269842147827 seconds.
2016-12-02 16:27:54,537 - Login Pressure - INFO - lw11 login spends 3.309570074081421 seconds.
2016-12-02 16:27:54,539 - Login Pressure - INFO - lw2 login spends 3.330418109893799 seconds.
2016-12-02 16:27:54,592 - Login Pressure - INFO - lw13 login spends 3.360538959503174 seconds.
2016-12-02 16:27:54,606 - Login Pressure - INFO - lw10 login spends 3.3802380561828613 seconds.
2016-12-02 16:27:54,625 - Login Pressure - INFO - lw3 login spends 3.412152051925659 seconds.
2016-12-02 16:27:54,653 - Login Pressure - INFO - lw15 login spends 3.41591215133667 seconds.
2016-12-02 16:27:54,673 - Login Pressure - INFO - lw5 login spends 3.458317995071411 seconds.
2016-12-02 16:27:54,692 - Login Pressure - INFO - 1 login spends 3.453464984893799 seconds.
2016-12-02 16:27:54,727 - Login Pressure - INFO - 2 login spends 3.4868240356445312 seconds.
2016-12-02 16:27:54,740 - Login Pressure - INFO - 7 login spends 3.488903045654297 seconds.
2016-12-02 16:27:54,753 - Login Pressure - INFO - lw7 login spends 3.5331978797912598 seconds.
2016-12-02 16:27:54,801 - Login Pressure - INFO - lw6 login spends 3.583883047103882 seconds.
2016-12-02 16:27:54,808 - Login Pressure - INFO - 9 login spends 3.552807092666626 seconds.
2016-12-02 16:27:54,843 - Login Pressure - INFO - 8 login spends 3.5902109146118164 seconds.
2016-12-02 16:27:54,869 - Login Pressure - INFO - em1-stu2 login spends 3.608934164047241 seconds.
2016-12-02 16:27:54,881 - Login Pressure - INFO - em1-stu login spends 3.6227190494537354 seconds.
2016-12-02 16:27:54,882 - Login Pressure - INFO - lw9 login spends 3.6586461067199707 seconds.
2016-12-02 16:27:54,940 - Login Pressure - INFO - lw12 login spends 3.7103209495544434 seconds.
2016-12-02 16:27:54,952 - Login Pressure - INFO - em2-stu1 login spends 3.690063953399658 seconds.
2016-12-02 16:27:54,978 - Login Pressure - INFO - em2-stu2 login spends 3.714616060256958 seconds.
2016-12-02 16:27:55,019 - Login Pressure - INFO - lw14 login spends 3.7836010456085205 seconds.
2016-12-02 16:27:55,026 - Login Pressure - INFO - asdljkf login spends 3.7593510150909424 seconds.
2016-12-02 16:27:55,038 - Login Pressure - INFO - yuangong4 login spends 3.7660539150238037 seconds.
2016-12-02 16:27:55,066 - Login Pressure - INFO - 3 login spends 3.8241171836853027 seconds.
2016-12-02 16:27:55,119 - Login Pressure - INFO - yuangong9 login spends 3.8379411697387695 seconds.
2016-12-02 16:27:55,138 - Login Pressure - INFO - 4 login spends 3.894157886505127 seconds.
2016-12-02 16:27:55,143 - Login Pressure - INFO - yuangong12 login spends 3.856539011001587 seconds.
2016-12-02 16:27:55,179 - Login Pressure - INFO - yuangong10 login spends 3.8967769145965576 seconds.
2016-12-02 16:27:55,181 - Login Pressure - INFO - 5 login spends 3.9355990886688232 seconds.
2016-12-02 16:27:55,183 - Login Pressure - INFO - tianjiayuangong login spends 3.8926379680633545 seconds.
2016-12-02 16:27:55,261 - Login Pressure - INFO - 6 login spends 4.011663913726807 seconds.
2016-12-02 16:27:55,268 - Login Pressure - INFO - yg2-stu4 login spends 3.9691460132598877 seconds.
2016-12-02 16:27:55,311 - Login Pressure - INFO - 10 login spends 4.054090976715088 seconds.
2016-12-02 16:27:55,314 - Login Pressure - INFO - aaa login spends 4.022411823272705 seconds.
2016-12-02 16:27:55,317 - Login Pressure - INFO - yg5-stu1 login spends 4.010238170623779 seconds.
2016-12-02 16:27:55,342 - Login Pressure - INFO - yg2-stu1 login spends 4.0487000942230225 seconds.
2016-12-02 16:27:55,393 - Login Pressure - INFO - zhaigf login spends 4.127473831176758 seconds.
2016-12-02 16:27:55,451 - Login Pressure - INFO - yyyyy login spends 4.136547803878784 seconds.
2016-12-02 16:27:55,455 - Login Pressure - INFO - yyyy-stu login spends 4.138967990875244 seconds.
2016-12-02 16:27:55,467 - Login Pressure - INFO - yuangong1 login spends 4.198047161102295 seconds.
2016-12-02 16:27:55,485 - Login Pressure - INFO - laosi login spends 4.163111925125122 seconds.
2016-12-02 16:27:55,488 - Login Pressure - INFO - fhfh login spends 4.163236141204834 seconds.
2016-12-02 16:27:55,538 - Login Pressure - INFO - yuangong2 login spends 4.267177104949951 seconds.
2016-12-02 16:27:55,601 - Login Pressure - INFO - yuangong5 login spends 4.326802015304565 seconds.
2016-12-02 16:27:55,622 - Login Pressure - INFO - xy1 login spends 4.293045997619629 seconds.
2016-12-02 16:27:55,622 - Login Pressure - INFO - dffsd login spends 4.295065879821777 seconds.
2016-12-02 16:27:55,667 - Login Pressure - INFO - yuangong7 login spends 4.3893351554870605 seconds.
2016-12-02 16:27:55,723 - Login Pressure - INFO - yuangong6 login spends 4.447430849075317 seconds.
2016-12-02 16:27:55,759 - Login Pressure - INFO - newadd login spends 4.420822858810425 seconds.
2016-12-02 16:27:55,761 - Login Pressure - INFO - yg7-stu1 login spends 4.428173780441284 seconds.
2016-12-02 16:27:55,788 - Login Pressure - INFO - yuangong8 login spends 4.509278059005737 seconds.
2016-12-02 16:27:55,852 - Login Pressure - INFO - yuangong11 login spends 4.567547082901001 seconds.
2016-12-02 16:27:55,902 - Login Pressure - INFO - yg8-stu1 login spends 4.565758943557739 seconds.
2016-12-02 16:27:55,904 - Login Pressure - INFO - 羊肉汤 login spends 4.557204961776733 seconds.
2016-12-02 16:27:55,922 - Login Pressure - INFO - yuangong13 login spends 4.633839130401611 seconds.
2016-12-02 16:27:55,975 - Login Pressure - INFO - yg2-stu2 login spends 4.679631948471069 seconds.
2016-12-02 16:27:56,061 - Login Pressure - INFO - yg2-stu3 login spends 4.7643280029296875 seconds.
2016-12-02 16:27:56,061 - Login Pressure - INFO - 0 login spends 4.709235906600952 seconds.
2016-12-02 16:27:56,103 - Login Pressure - INFO - yg2-stu5 login spends 4.803091049194336 seconds.
2016-12-02 16:27:56,114 - Login Pressure - INFO - 载脂蛋白a1偏高 login spends 4.75579309463501 seconds.
2016-12-02 16:27:56,183 - Login Pressure - INFO - yg2-stu6 login spends 4.881422996520996 seconds.
2016-12-02 16:27:56,189 - Login Pressure - INFO - 快递1 login spends 4.827440023422241 seconds.
2016-12-02 16:27:56,212 - Login Pressure - INFO - yg3-stu1 login spends 4.907986164093018 seconds.
2016-12-02 16:27:56,288 - Login Pressure - INFO - 121 login spends 4.920346975326538 seconds.
2016-12-02 16:27:56,294 - Login Pressure - INFO - yg4-stu1 login spends 4.988985061645508 seconds.
2016-12-02 16:27:56,323 - Login Pressure - INFO - 是的色弱 login spends 4.95291805267334 seconds.
2016-12-02 16:27:56,336 - Login Pressure - INFO - yg-stu1 login spends 5.023872137069702 seconds.
2016-12-02 16:27:56,414 - Login Pressure - INFO - yg6-stu1 login spends 5.102952003479004 seconds.
2016-12-02 16:27:56,451 - Login Pressure - INFO - bocai login spends 5.079500913619995 seconds.
2016-12-02 16:27:56,454 - Login Pressure - INFO - 34 login spends 5.069361925125122 seconds.
2016-12-02 16:27:56,496 - Login Pressure - INFO - yg-shouye login spends 5.177912950515747 seconds.
2016-12-02 16:27:56,522 - Login Pressure - INFO - sy1 login spends 5.201952934265137 seconds.
2016-12-02 16:27:56,610 - Login Pressure - INFO - 测试用 login spends 5.221498012542725 seconds.
2016-12-02 16:27:56,617 - Login Pressure - INFO - m login spends 5.215365171432495 seconds.
2016-12-02 16:27:56,620 - Login Pressure - INFO - fdfd login spends 5.296633005142212 seconds.
2016-12-02 16:27:56,649 - Login Pressure - INFO - mjhgj login spends 5.318320989608765 seconds.
2016-12-02 16:27:56,653 - Login Pressure - INFO - ceshi11 login spends 5.261677980422974 seconds.
2016-12-02 16:27:56,659 - Login Pressure - INFO - 给对方 login spends 5.259260892868042 seconds.
2016-12-02 16:27:56,739 - Login Pressure - INFO - 合格合格后 login spends 5.399374961853027 seconds.
2016-12-02 16:27:56,763 - Login Pressure - INFO - xinxueyuan login spends 5.421260118484497 seconds.
2016-12-02 16:27:56,772 - Login Pressure - INFO - yixin login spends 5.365888833999634 seconds.
2016-12-02 16:27:56,790 - Login Pressure - INFO - oo login spends 5.3867552280426025 seconds.
2016-12-02 16:27:56,808 - Login Pressure - INFO - wu login spends 5.385096073150635 seconds.
2016-12-02 16:27:56,860 - Login Pressure - INFO - gh login spends 5.516646862030029 seconds.
2016-12-02 16:27:56,882 - Login Pressure - INFO - ruxue-dongtai login spends 5.537110090255737 seconds.
2016-12-02 16:27:56,896 - Login Pressure - INFO - mini login spends 5.469980001449585 seconds.
2016-12-02 16:27:56,968 - Login Pressure - INFO - xy3 login spends 5.536317825317383 seconds.
2016-12-02 16:27:56,988 - Login Pressure - INFO - 发 login spends 5.63808798789978 seconds.
2016-12-02 16:27:56,991 - Login Pressure - INFO - 635756766 login spends 5.6373209953308105 seconds.
2016-12-02 16:27:57,047 - Login Pressure - INFO - xy2 login spends 5.616693019866943 seconds.
2016-12-02 16:27:57,075 - Login Pressure - INFO - rc_1 login spends 5.646745920181274 seconds.
2016-12-02 16:27:57,108 - Login Pressure - INFO - xy5 login spends 5.670287847518921 seconds.
2016-12-02 16:27:57,117 - Login Pressure - INFO - ty login spends 5.760910987854004 seconds.
2016-12-02 16:27:57,124 - Login Pressure - INFO - 6357567665657686 login spends 5.769118070602417 seconds.
2016-12-02 16:27:57,156 - Login Pressure - INFO - 快递 login spends 5.796102046966553 seconds.
2016-12-02 16:27:57,178 - Login Pressure - INFO - zhongc login spends 5.7257981300354 seconds.
2016-12-02 16:27:57,198 - Login Pressure - INFO - fupo login spends 5.742379903793335 seconds.
2016-12-02 16:27:57,229 - Login Pressure - INFO - 44 login spends 5.768980026245117 seconds.
2016-12-02 16:27:57,245 - Login Pressure - INFO - zhangm login spends 5.879163026809692 seconds.
2016-12-02 16:27:57,257 - Login Pressure - INFO - 33 login spends 5.798001050949097 seconds.
2016-12-02 16:27:57,267 - Login Pressure - INFO - yuany login spends 5.903594970703125 seconds.
2016-12-02 16:27:57,315 - Login Pressure - INFO - xiaoqiang login spends 5.9409449100494385 seconds.
2016-12-02 16:27:57,346 - Login Pressure - INFO - wy login spends 5.876873970031738 seconds.
2016-12-02 16:27:57,347 - Login Pressure - INFO - willing login spends 5.8708579540252686 seconds.
2016-12-02 16:27:57,362 - Login Pressure - INFO - 4234 login spends 5.982442140579224 seconds.
2016-12-02 16:27:57,386 - Login Pressure - INFO - stu01 login spends 5.902513027191162 seconds.
2016-12-02 16:27:57,407 - Login Pressure - INFO - zhangqinag login spends 6.030854940414429 seconds.
2016-12-02 16:27:57,444 - Login Pressure - INFO - yg5 login spends 5.945682048797607 seconds.
2016-12-02 16:27:57,460 - Login Pressure - INFO - xiaoqiang11 login spends 6.066932916641235 seconds.
2016-12-02 16:27:57,476 - Login Pressure - INFO - gaoheihei login spends 5.982443809509277 seconds.
2016-12-02 16:27:57,489 - Login Pressure - INFO - xuxu login spends 6.093274116516113 seconds.
2016-12-02 16:27:57,495 - Login Pressure - INFO - nanlyu login spends 5.984259128570557 seconds.
2016-12-02 16:27:57,548 - Login Pressure - INFO - sdf login spends 6.150547027587891 seconds.
2016-12-02 16:27:57,580 - Login Pressure - INFO - yg4-stu login spends 6.087663888931274 seconds.
2016-12-02 16:27:57,592 - Login Pressure - INFO - mm login spends 6.184542894363403 seconds.
2016-12-02 16:27:57,598 - Login Pressure - INFO - stu02 login spends 6.110837936401367 seconds.
2016-12-02 16:27:57,622 - Login Pressure - INFO - fsw login spends 6.212531089782715 seconds.
2016-12-02 16:27:57,634 - Login Pressure - INFO - yg4 login spends 6.144222974777222 seconds.
2016-12-02 16:27:57,641 - Login Pressure - INFO - 付费双方都阿双方撒撒飞洒发发骚飞洒法萨芬啊发 login spends 6.097483158111572 seconds.
2016-12-02 16:27:57,663 - Login Pressure - INFO - 23asdsad login spends 6.249763011932373 seconds.
2016-12-02 16:27:57,711 - Login Pressure - INFO - Zm login spends 6.292602062225342 seconds.
2016-12-02 16:27:57,739 - Login Pressure - INFO - shanwen login spends 6.183251142501831 seconds.
2016-12-02 16:27:57,739 - Login Pressure - INFO - xy4 login spends 6.302850008010864 seconds.
2016-12-02 16:27:57,750 - Login Pressure - INFO - shanwenfeng login spends 6.1920270919799805 seconds.
2016-12-02 16:27:57,789 - Login Pressure - INFO - xy7 login spends 6.347052097320557 seconds.
2016-12-02 16:27:57,816 - Login Pressure - INFO - fankuitest login spends 6.2413170337677 seconds.
2016-12-02 16:27:57,842 - Login Pressure - INFO - ltd login spends 6.276755094528198 seconds.
2016-12-02 16:27:57,847 - Login Pressure - INFO - xy6 login spends 6.4070069789886475 seconds.
2016-12-02 16:27:57,874 - Login Pressure - INFO - <><><><><><><><> login spends 6.429488182067871 seconds.
2016-12-02 16:27:57,889 - Login Pressure - INFO - new_stu1 login spends 6.340857028961182 seconds.
2016-12-02 16:27:57,918 - Login Pressure - INFO - config login spends 6.3782899379730225 seconds.
2016-12-02 16:27:57,927 - Login Pressure - INFO - xx login spends 6.4786717891693115 seconds.
2016-12-02 16:27:57,935 - Login Pressure - INFO - stu03 login spends 6.417508125305176 seconds.
2016-12-02 16:27:57,948 - Login Pressure - INFO - JakeJakeJake login spends 6.367821931838989 seconds.
2016-12-02 16:27:57,966 - Login Pressure - INFO - xy8 login spends 6.503857851028442 seconds.
2016-12-02 16:27:57,987 - Login Pressure - INFO - zhonggong login spends 6.5207839012146 seconds.
2016-12-02 16:27:58,059 - Login Pressure - INFO - xy9 login spends 6.588692903518677 seconds.
2016-12-02 16:27:58,076 - Login Pressure - INFO - tangstudent login spends 6.483085870742798 seconds.
2016-12-02 16:27:58,092 - Login Pressure - INFO - austintin login spends 6.617927074432373 seconds.
2016-12-02 16:27:58,116 - Login Pressure - INFO - austin login spends 6.643615007400513 seconds.
2016-12-02 16:27:58,122 - Login Pressure - INFO - tangyiren login spends 6.532011032104492 seconds.
2016-12-02 16:27:58,128 - Login Pressure - INFO - um2 login spends 6.542935132980347 seconds.
2016-12-02 16:27:58,186 - Login Pressure - INFO - $$$$$$$%^&&%^&%^^&%^$% login spends 6.583039045333862 seconds.
2016-12-02 16:27:58,199 - Login Pressure - INFO - yg1 login spends 6.720868825912476 seconds.
2016-12-02 16:27:58,229 - Login Pressure - INFO - yg5-stu login spends 6.724349021911621 seconds.
2016-12-02 16:27:58,230 - Login Pressure - INFO - ll login spends 6.7339630126953125 seconds.
2016-12-02 16:27:58,263 - Login Pressure - INFO - yey login spends 6.640095949172974 seconds.
2016-12-02 16:27:58,263 - Login Pressure - INFO - tuser1 login spends 6.63490891456604 seconds.
2016-12-02 16:27:58,294 - Login Pressure - INFO - school login spends 6.645118951797485 seconds.
2016-12-02 16:27:58,336 - Login Pressure - INFO - xiang.zhang login spends 6.829873085021973 seconds.
2016-12-02 16:27:58,356 - Login Pressure - INFO - student login spends 6.712018013000488 seconds.
2016-12-02 16:27:58,361 - Login Pressure - INFO - yg6 login spends 6.847520112991333 seconds.
2016-12-02 16:27:58,391 - Login Pressure - INFO - xiao1 login spends 6.729886054992676 seconds.
2016-12-02 16:27:58,402 - Login Pressure - INFO - testU1 login spends 6.776456117630005 seconds.
2016-12-02 16:27:58,454 - Login Pressure - INFO - gaoh_yuangong login spends 6.932451009750366 seconds.
2016-12-02 16:27:58,485 - Login Pressure - INFO - gaoh_zhuguan login spends 6.950884103775024 seconds.
2016-12-02 16:27:58,528 - Login Pressure - INFO - xiao2 login spends 6.8602399826049805 seconds.
2016-12-02 16:27:58,549 - Login Pressure - INFO - xinjian login spends 6.870594024658203 seconds.
2016-12-02 16:27:58,579 - Login Pressure - INFO - c1 login spends 7.041192054748535 seconds.
2016-12-02 16:27:58,599 - Login Pressure - INFO - hanzb login spends 7.0574140548706055 seconds.
2016-12-02 16:27:58,670 - Login Pressure - INFO - xiao11 login spends 6.986843109130859 seconds.
2016-12-02 16:27:58,705 - Login Pressure - INFO - stu04 login spends 7.151926040649414 seconds.
2016-12-02 16:27:58,705 - Login Pressure - INFO - 111 login spends 7.0143091678619385 seconds.
2016-12-02 16:27:58,716 - Login Pressure - INFO - xiao.zhang login spends 7.1457929611206055 seconds.
2016-12-02 16:27:58,811 - Login Pressure - INFO - studentfive login spends 7.0669028759002686 seconds.
2016-12-02 16:27:58,821 - Login Pressure - INFO - cpsa3 login spends 7.2428929805755615 seconds.
2016-12-02 16:27:58,847 - Login Pressure - INFO - wx_xy login spends 7.099790811538696 seconds.
2016-12-02 16:27:58,874 - Login Pressure - INFO - um1 login spends 7.2915730476379395 seconds.
2016-12-02 16:27:58,945 - Login Pressure - INFO - hanxf login spends 7.087738037109375 seconds.
2016-12-02 16:27:58,973 - Login Pressure - INFO - lijin login spends 7.385843992233276 seconds.
2016-12-02 16:27:58,993 - Login Pressure - INFO - qyc5 login spends 6.961460113525391 seconds.
2016-12-02 16:27:59,038 - Login Pressure - INFO - jc login spends 7.431926965713501 seconds.
2016-12-02 16:27:59,103 - Login Pressure - INFO - wuzhaoxiang login spends 6.971498012542725 seconds.
2016-12-02 16:27:59,109 - Login Pressure - INFO - newstu2 login spends 7.5106360912323 seconds.
2016-12-02 16:27:59,148 - Login Pressure - INFO - xhd1 login spends 6.765156984329224 seconds.
2016-12-02 16:27:59,153 - Login Pressure - INFO - xiaozhang2 login spends 7.5427470207214355 seconds.
2016-12-02 16:27:59,260 - Login Pressure - INFO - yun2 login spends 7.647332191467285 seconds.
2016-12-02 16:27:59,278 - Login Pressure - INFO - test-01 login spends 7.5847790241241455 seconds.
2016-12-02 16:27:59,284 - Login Pressure - INFO - 4 通用4有问4 login spends 7.668732166290283 seconds.
2016-12-02 16:27:59,313 - Login Pressure - INFO - test-stu login spends 7.618166923522949 seconds.
2016-12-02 16:27:59,416 - Login Pressure - INFO - kfc login spends 7.7991721630096436 seconds.
2016-12-02 16:27:59,438 - Login Pressure - INFO - yuangong15 login spends 7.732162952423096 seconds.
2016-12-02 16:27:59,453 - Login Pressure - INFO - yuangong17 login spends 7.736645936965942 seconds.
2016-12-02 16:27:59,481 - Login Pressure - INFO - gd login spends 7.860548973083496 seconds.
2016-12-02 16:27:59,484 - Login Pressure - INFO - student01 login spends 7.761965990066528 seconds.
2016-12-02 16:27:59,485 - Login Pressure - INFO - studentone login spends 7.755087852478027 seconds.
2016-12-02 16:27:59,532 - Login Pressure - INFO - test0407 login spends 7.874409914016724 seconds.
2016-12-02 16:27:59,591 - Login Pressure - INFO - mogu11 login spends 7.833881139755249 seconds.
2016-12-02 16:27:59,598 - Login Pressure - INFO - 123 login spends 7.944890022277832 seconds.
2016-12-02 16:27:59,613 - Login Pressure - INFO - studentsix login spends 7.850735187530518 seconds.
2016-12-02 16:27:59,623 - Login Pressure - INFO - 147 login spends 7.847275972366333 seconds.
2016-12-02 16:27:59,646 - Login Pressure - INFO - mogutou login spends 7.855666875839233 seconds.
2016-12-02 16:27:59,665 - Login Pressure - INFO - xiao4 login spends 7.99353289604187 seconds.
2016-12-02 16:27:59,715 - Login Pressure - INFO - mogu2 login spends 8.038769960403442 seconds.
2016-12-02 16:27:59,757 - Login Pressure - INFO - mogu125 login spends 7.958624839782715 seconds.
2016-12-02 16:27:59,757 - Login Pressure - INFO - mogu124 login spends 7.962065935134888 seconds.
2016-12-02 16:27:59,797 - Login Pressure - INFO - xiao123 login spends 8.11651086807251 seconds.
2016-12-02 16:27:59,804 - Login Pressure - INFO - gongzhi login spends 7.73865818977356 seconds.
2016-12-02 16:27:59,841 - Login Pressure - INFO - lianjieabjbb login spends 8.155212163925171 seconds.
2016-12-02 16:27:59,851 - Login Pressure - INFO - a123 login spends 7.700214147567749 seconds.
2016-12-02 16:27:59,919 - Login Pressure - INFO - idol login spends 8.231016874313354 seconds.
2016-12-02 16:27:59,921 - Login Pressure - INFO - 121345 login spends 7.558028936386108 seconds.
2016-12-02 16:27:59,927 - Login Pressure - INFO - ayst login spends 7.7677741050720215 seconds.
2016-12-02 16:27:59,955 - Login Pressure - INFO - shanhu4 login spends 7.528231859207153 seconds.
2016-12-02 16:27:59,979 - Login Pressure - INFO - yuangong14 login spends 8.276808023452759 seconds.
2016-12-02 16:28:00,049 - Login Pressure - INFO - student03 login spends 8.324783086776733 seconds.
2016-12-02 16:28:00,114 - Login Pressure - INFO - mogu126 login spends 8.208534002304077 seconds.
2016-12-02 16:28:00,177 - Login Pressure - INFO - qyc3 login spends 8.151964902877808 seconds.
2016-12-02 16:28:00,252 - Login Pressure - INFO - xinjian-yg login spends 8.068740844726562 seconds.
2016-12-02 16:28:00,262 - Login Pressure - INFO - gdg  fhsf hsif hsi login spends 8.019085884094238 seconds.
2016-12-02 16:28:00,319 - Login Pressure - INFO - yuki_teacher login spends 8.013875007629395 seconds.
2016-12-02 16:28:00,379 - Login Pressure - INFO - 12321313 login spends 7.98573899269104 seconds.
2016-12-02 16:28:00,432 - Login Pressure - INFO - shanhu3 login spends 8.007235050201416 seconds.
2016-12-02 16:28:00,459 - Login Pressure - INFO - yuangong16 login spends 8.745991945266724 seconds.
2016-12-02 16:28:00,522 - Login Pressure - INFO - teaone login spends 8.79577112197876 seconds.
2016-12-02 16:28:00,539 - Login Pressure - INFO - 86 login spends 8.711048126220703 seconds.
2016-12-02 16:28:00,547 - Login Pressure - INFO - 58 login spends 8.723291873931885 seconds.
2016-12-02 16:28:00,550 - Login Pressure - INFO - studenttwo login spends 8.815065145492554 seconds.
2016-12-02 16:28:00,581 - Login Pressure - INFO - 柯南 login spends 8.743381977081299 seconds.
2016-12-02 16:28:00,581 - Login Pressure - INFO - studentfour login spends 8.840781211853027 seconds.
2016-12-02 16:28:00,602 - Login Pressure - INFO - hupo2 login spends 8.730238914489746 seconds.
2016-12-02 16:28:00,633 - Login Pressure - INFO - shanhu1 login spends 8.753959894180298 seconds.
2016-12-02 16:28:00,639 - Login Pressure - INFO - mogu1 login spends 8.888522863388062 seconds.
2016-12-02 16:28:00,670 - Login Pressure - INFO - studentseven login spends 8.899704217910767 seconds.
2016-12-02 16:28:00,701 - Login Pressure - INFO - mogu14 login spends 8.804618835449219 seconds.
2016-12-02 16:28:00,709 - Login Pressure - INFO - 369 login spends 8.930406093597412 seconds.
2016-12-02 16:28:00,719 - Login Pressure - INFO - shanhu2 login spends 8.837607145309448 seconds.
2016-12-02 16:28:00,742 - Login Pressure - INFO - mogu15 login spends 8.837962865829468 seconds.
2016-12-02 16:28:00,755 - Login Pressure - INFO - 246 login spends 8.969570875167847 seconds.
2016-12-02 16:28:00,781 - Login Pressure - INFO - a2 login spends 8.865669012069702 seconds.
2016-12-02 16:28:00,788 - Login Pressure - INFO - ruxue login spends 8.87929105758667 seconds.
2016-12-02 16:28:00,804 - Login Pressure - INFO - mogu123 login spends 9.011204957962036 seconds.
2016-12-02 16:28:00,859 - Login Pressure - INFO - tangteacher2 login spends 9.052824974060059 seconds.
2016-12-02 16:28:00,866 - Login Pressure - INFO - hupo4 login spends 8.946851968765259 seconds.
2016-12-02 16:28:00,871 - Login Pressure - INFO - hupo1 login spends 9.004844903945923 seconds.
2016-12-02 16:28:00,874 - Login Pressure - INFO - mogu8 login spends 9.069108009338379 seconds.
2016-12-02 16:28:00,910 - Login Pressure - INFO - mogu9 login spends 9.05461597442627 seconds.
2016-12-02 16:28:00,920 - Login Pressure - INFO - qibao1 login spends 9.109231948852539 seconds.
2016-12-02 16:28:00,950 - Login Pressure - INFO - gewei3 login spends 9.00242304801941 seconds.
2016-12-02 16:28:00,951 - Login Pressure - INFO - gewei1 login spends 9.013988971710205 seconds.
2016-12-02 16:28:00,980 - Login Pressure - INFO - tangteacher3 login spends 9.171138048171997 seconds.
2016-12-02 16:28:00,996 - Login Pressure - INFO - qibao2 login spends 9.182668924331665 seconds.
2016-12-02 16:28:01,024 - Login Pressure - INFO - ssw1 login spends 8.98855209350586 seconds.
2016-12-02 16:28:01,056 - Login Pressure - INFO - qyc2 login spends 9.036103010177612 seconds.
2016-12-02 16:28:01,095 - Login Pressure - INFO - qibao3 login spends 9.279249906539917 seconds.
2016-12-02 16:28:01,096 - Login Pressure - INFO - mogu10 login spends 9.235048055648804 seconds.
2016-12-02 16:28:01,098 - Login Pressure - INFO - ssw3 login spends 9.05121397972107 seconds.
2016-12-02 16:28:01,118 - Login Pressure - INFO - yonghuminghenchangyonghuming login spends 9.105965852737427 seconds.
2016-12-02 16:28:01,120 - Login Pressure - INFO - ssw5 login spends 9.06521201133728 seconds.
2016-12-02 16:28:01,124 - Login Pressure - INFO - 009 login spends 8.928972959518433 seconds.
2016-12-02 16:28:01,210 - Login Pressure - INFO - 000101 login spends 8.806057929992676 seconds.
2016-12-02 16:28:01,213 - Login Pressure - INFO - 站站长 login spends 9.215861082077026 seconds.
2016-12-02 16:28:01,213 - Login Pressure - INFO - ceshi1 login spends 9.203042030334473 seconds.
2016-12-02 16:28:01,251 - Login Pressure - INFO - tuiyi login spends 8.893467903137207 seconds.
2016-12-02 16:28:01,264 - Login Pressure - INFO - kejian1 login spends 9.255645036697388 seconds.
2016-12-02 16:28:01,270 - Login Pressure - INFO - 法华经后发货发 login spends 9.43921685218811 seconds.
2016-12-02 16:28:01,301 - Login Pressure - INFO - aabb login spends 9.318685054779053 seconds.
2016-12-02 16:28:01,317 - Login Pressure - INFO - jiaowu login spends 9.344715118408203 seconds.
2016-12-02 16:28:01,344 - Login Pressure - INFO - qibao5 login spends 9.500623941421509 seconds.
2016-12-02 16:28:01,364 - Login Pressure - INFO - gewei2 login spends 9.424530029296875 seconds.
2016-12-02 16:28:01,367 - Login Pressure - INFO - tang login spends 9.403561115264893 seconds.
2016-12-02 16:28:01,368 - Login Pressure - INFO - 工藤新一 login spends 9.52638292312622 seconds.
2016-12-02 16:28:01,403 - Login Pressure - INFO - qiqi login spends 9.552494049072266 seconds.
2016-12-02 16:28:01,425 - Login Pressure - INFO - jiegeng5 login spends 9.493580102920532 seconds.
2016-12-02 16:28:01,460 - Login Pressure - INFO - tangstu1 login spends 9.606444835662842 seconds.
2016-12-02 16:28:01,469 - Login Pressure - INFO - jiegeng3 login spends 9.541970014572144 seconds.
2016-12-02 16:28:01,469 - Login Pressure - INFO - 007 login spends 9.623764038085938 seconds.
2016-12-02 16:28:01,503 - Login Pressure - INFO - xs1 login spends 9.420176982879639 seconds.
2016-12-02 16:28:01,510 - Login Pressure - INFO - gozhi login spends 9.436537981033325 seconds.
2016-12-02 16:28:01,528 - Login Pressure - INFO - hupo3 login spends 9.654437065124512 seconds.
2016-12-02 16:28:01,585 - Login Pressure - INFO - mogu12 login spends 9.698333978652954 seconds.
2016-12-02 16:28:01,642 - Login Pressure - INFO - mogu13 login spends 9.753494024276733 seconds.
2016-12-02 16:28:01,647 - Login Pressure - INFO - 1号同学 login spends 9.567704916000366 seconds.
2016-12-02 16:28:01,678 - Login Pressure - INFO - xxl login spends 9.565017938613892 seconds.
2016-12-02 16:28:01,711 - Login Pressure - INFO - asddas12345 login spends 9.81944489479065 seconds.
2016-12-02 16:28:01,769 - Login Pressure - INFO - tangstu2 login spends 9.875909090042114 seconds.
2016-12-02 16:28:01,805 - Login Pressure - INFO - 阿阿 login spends 9.708162069320679 seconds.
2016-12-02 16:28:01,829 - Login Pressure - INFO - jiegeng1 login spends 9.90634298324585 seconds.
2016-12-02 16:28:01,848 - Login Pressure - INFO - 新建员工 login spends 9.739284992218018 seconds.
2016-12-02 16:28:01,885 - Login Pressure - INFO - jiegeng2 login spends 9.960377216339111 seconds.
2016-12-02 16:28:01,947 - Login Pressure - INFO - jiegeng4 login spends 10.01765489578247 seconds.
2016-12-02 16:28:01,949 - Login Pressure - INFO - xxll login spends 9.83207392692566 seconds.
2016-12-02 16:28:01,995 - Login Pressure - INFO - mogu19 login spends 9.865877151489258 seconds.
2016-12-02 16:28:02,010 - Login Pressure - INFO - gewei4 login spends 10.053688049316406 seconds.
2016-12-02 16:28:02,074 - Login Pressure - INFO - xiaoxiao2 login spends 10.112969160079956 seconds.
2016-12-02 16:28:02,083 - Login Pressure - INFO - mogu21 login spends 9.944132804870605 seconds.
2016-12-02 16:28:02,128 - Login Pressure - INFO - 哈哈 login spends 10.162499904632568 seconds.
2016-12-02 16:28:02,141 - Login Pressure - INFO - 军长 login spends 9.999567031860352 seconds.
2016-12-02 16:28:02,208 - Login Pressure - INFO - kejian login spends 10.233819961547852 seconds.
2016-12-02 16:28:02,235 - Login Pressure - INFO - 作业员 login spends 10.09187912940979 seconds.
2016-12-02 16:28:02,273 - Login Pressure - INFO - xiaoxiao3 login spends 10.305521965026855 seconds.
2016-12-02 16:28:02,289 - Login Pressure - INFO - xueyuan3 login spends 10.131834030151367 seconds.
2016-12-02 16:28:02,346 - Login Pressure - INFO - caocao login spends 10.375164985656738 seconds.
2016-12-02 16:28:02,350 - Login Pressure - INFO - jiaowu1 login spends 10.371065139770508 seconds.
2016-12-02 16:28:02,368 - Login Pressure - INFO - testdel login spends 9.93203091621399 seconds.
2016-12-02 16:28:02,418 - Login Pressure - INFO - xiao6 login spends 10.441772937774658 seconds.
2016-12-02 16:28:02,475 - Login Pressure - INFO - mogu17 login spends 10.470244884490967 seconds.
2016-12-02 16:28:02,479 - Login Pressure - INFO - abcdef login spends 10.493069171905518 seconds.
2016-12-02 16:28:02,544 - Login Pressure - INFO - qyc1 login spends 10.528213024139404 seconds.
2016-12-02 16:28:02,604 - Login Pressure - INFO - mogu16 login spends 10.6092209815979 seconds.
2016-12-02 16:28:02,606 - Login Pressure - INFO - qyc4 login spends 10.57738208770752 seconds.
2016-12-02 16:28:02,697 - Login Pressure - INFO - ssw2 login spends 10.652915954589844 seconds.
2016-12-02 16:28:02,723 - Login Pressure - INFO - ssw4 login spends 10.672257900238037 seconds.
2016-12-02 16:28:02,757 - Login Pressure - INFO - chc login spends 10.669780015945435 seconds.
2016-12-02 16:28:02,835 - Login Pressure - INFO - mogu18 login spends 10.744790077209473 seconds.
2016-12-02 16:28:02,844 - Login Pressure - INFO - 啊啊啊啊啊啊啊 login spends 10.751829147338867 seconds.
2016-12-02 16:28:02,892 - Login Pressure - INFO - wx login spends 10.766637086868286 seconds.
2016-12-02 16:28:02,953 - Login Pressure - INFO - mogu20 login spends 10.817659854888916 seconds.
2016-12-02 16:28:02,980 - Login Pressure - INFO - xueyuan1 login spends 10.834634780883789 seconds.
2016-12-02 16:28:03,028 - Login Pressure - INFO - Tracy login spends 10.85164189338684 seconds.
2016-12-02 16:28:03,089 - Login Pressure - INFO - hhq login spends 10.902312994003296 seconds.
2016-12-02 16:28:03,117 - Login Pressure - INFO - pancaifeng login spends 10.926038026809692 seconds.
2016-12-02 16:28:03,151 - Login Pressure - INFO - 0005 login spends 10.904972076416016 seconds.
2016-12-02 16:28:03,218 - Login Pressure - INFO - 巴布 login spends 10.800127029418945 seconds.
2016-12-02 16:28:03,238 - Login Pressure - INFO - hekuang login spends 10.79953384399414 seconds.
2016-12-02 16:28:04,658 - Login Pressure - ERROR - Reason: 用户名或密码不正确！
2016-12-02 16:28:04,658 - Login Pressure - WARNING - service Login false at 1480667284.65856
2016-12-02 16:28:04,659 - Login Pressure - INFO - It spends 12.492366075515747 seconds.

2016-12-02 16:28:04,735 - Login Pressure - INFO - stu123 login spends 12.587453126907349 seconds.
2016-12-02 16:28:04,746 - Login Pressure - INFO - 0511 login spends 12.582741975784302 seconds.
2016-12-02 16:28:04,784 - Login Pressure - INFO - Tom login spends 12.605902910232544 seconds.
2016-12-02 16:28:04,786 - Login Pressure - INFO - 008 login spends 12.624811172485352 seconds.
2016-12-02 16:28:04,789 - Login Pressure - INFO - xueyuan2 login spends 12.635066032409668 seconds.
2016-12-02 16:28:04,802 - Login Pressure - INFO - lilei login spends 12.63233208656311 seconds.
2016-12-02 16:28:04,813 - Login Pressure - INFO - zhoujielun login spends 12.633587121963501 seconds.
2016-12-02 16:28:04,857 - Login Pressure - INFO - 005 login spends 12.644618034362793 seconds.
2016-12-02 16:28:04,859 - Login Pressure - INFO - Lucy login spends 12.686280012130737 seconds.
2016-12-02 16:28:04,873 - Login Pressure - INFO - Marry login spends 12.698668003082275 seconds.
2016-12-02 16:28:04,924 - Login Pressure - INFO - hanmeimei login spends 12.756206035614014 seconds.
2016-12-02 16:28:04,986 - Login Pressure - INFO - 010 login spends 12.788252830505371 seconds.
2016-12-02 16:28:05,009 - Login Pressure - INFO - 0513 login spends 12.799681186676025 seconds.
2016-12-02 16:28:05,024 - Login Pressure - INFO - newuser login spends 12.84328818321228 seconds.
2016-12-02 16:28:05,037 - Login Pressure - INFO - 哈哈哈 login spends 12.848551988601685 seconds.
2016-12-02 16:28:05,057 - Login Pressure - INFO - kj login spends 12.841980934143066 seconds.
2016-12-02 16:28:05,071 - Login Pressure - INFO - 0070 login spends 12.853163003921509 seconds.
2016-12-02 16:28:05,078 - Login Pressure - INFO - 006 login spends 12.864299058914185 seconds.
2016-12-02 16:28:05,111 - Login Pressure - INFO - new-yg1 login spends 12.917979001998901 seconds.
2016-12-02 16:28:05,136 - Login Pressure - INFO - 011 login spends 12.93668794631958 seconds.
2016-12-02 16:28:05,155 - Login Pressure - INFO - aaaaa11111 login spends 12.952656030654907 seconds.
2016-12-02 16:28:05,165 - Login Pressure - INFO - new-yg6 login spends 12.942093133926392 seconds.
2016-12-02 16:28:05,166 - Login Pressure - INFO - hanxw login spends 12.940677881240845 seconds.
2016-12-02 16:28:05,233 - Login Pressure - INFO - 0001 login spends 13.00412106513977 seconds.
2016-12-02 16:28:05,243 - Login Pressure - INFO - new-yg8 login spends 13.004886150360107 seconds.
2016-12-02 16:28:05,260 - Login Pressure - INFO - new-yg5 login spends 13.038849830627441 seconds.
2016-12-02 16:28:05,260 - Login Pressure - INFO - new-yg2 login spends 13.055838823318481 seconds.
2016-12-02 16:28:05,281 - Login Pressure - INFO - gaoh1 login spends 13.07427191734314 seconds.
2016-12-02 16:28:05,283 - Login Pressure - INFO - aaaabbbb login spends 13.063733100891113 seconds.
2016-12-02 16:28:05,325 - Login Pressure - INFO - 作业-无课件 login spends 13.085855960845947 seconds.
2016-12-02 16:28:05,331 - Login Pressure - INFO - 无资料 login spends 13.08401894569397 seconds.
2016-12-02 16:28:05,393 - Login Pressure - INFO - 0012 login spends 13.141623973846436 seconds.
2016-12-02 16:28:05,402 - Login Pressure - INFO - hanxw teacher login spends 13.175287008285522 seconds.
2016-12-02 16:28:05,402 - Login Pressure - INFO - 05132 login spends 13.191701889038086 seconds.
2016-12-02 16:28:05,403 - Login Pressure - INFO - sfgsf login spends 13.146442174911499 seconds.
2016-12-02 16:28:05,435 - Login Pressure - INFO - xya login spends 13.161923885345459 seconds.
2016-12-02 16:28:05,457 - Login Pressure - INFO - 孙琳 login spends 13.169548034667969 seconds.
2016-12-02 16:28:05,476 - Login Pressure - INFO - 第三方 login spends 13.180288076400757 seconds.
2016-12-02 16:28:05,511 - Login Pressure - INFO - having all promise login spends 13.218053817749023 seconds.
2016-12-02 16:28:05,541 - Login Pressure - INFO - trole login spends 13.306960105895996 seconds.
2016-12-02 16:28:05,545 - Login Pressure - INFO - hui login spends 13.22880506515503 seconds.
2016-12-02 16:28:05,547 - Login Pressure - INFO - yuki_student login spends 13.24729299545288 seconds.
2016-12-02 16:28:05,589 - Login Pressure - INFO - hui2 login spends 13.260129928588867 seconds.
2016-12-02 16:28:05,620 - Login Pressure - INFO - zengxiaoer login spends 13.294332027435303 seconds.
2016-12-02 16:28:05,660 - Login Pressure - INFO - quanbu login spends 13.430011987686157 seconds.
2016-12-02 16:28:05,661 - Login Pressure - INFO - xhd login spends 13.28394603729248 seconds.
2016-12-02 16:28:05,667 - Login Pressure - INFO - hui3 login spends 13.280901908874512 seconds.
2016-12-02 16:28:05,695 - Login Pressure - INFO - hello login spends 13.294863939285278 seconds.
2016-12-02 16:28:05,711 - Login Pressure - INFO - hetest login spends 13.315297842025757 seconds.
2016-12-02 16:28:05,719 - Login Pressure - INFO - 课件-无资料 login spends 13.477741003036499 seconds.
2016-12-02 16:28:05,745 - Login Pressure - INFO - 01010 login spends 13.337496995925903 seconds.
2016-12-02 16:28:05,781 - Login Pressure - INFO - 0303 login spends 13.3696608543396 seconds.
2016-12-02 16:28:05,805 - Login Pressure - INFO - 0404 login spends 13.390413045883179 seconds.
2016-12-02 16:28:05,811 - Login Pressure - INFO - 1212 login spends 13.390270948410034 seconds.
2016-12-02 16:28:05,834 - Login Pressure - INFO - eeeeeeer login spends 13.417768955230713 seconds.
2016-12-02 16:28:05,854 - Login Pressure - INFO - sdfgsf login spends 13.599839925765991 seconds.
2016-12-02 16:28:05,864 - Login Pressure - INFO - wangjiebo login spends 13.440840005874634 seconds.
2016-12-02 16:28:05,906 - Login Pressure - INFO - 0630test2 login spends 13.47396993637085 seconds.
2016-12-02 16:28:05,936 - Login Pressure - INFO - ming login spends 13.480952978134155 seconds.
2016-12-02 16:28:05,940 - Login Pressure - INFO - 小花 login spends 13.4813871383667 seconds.
2016-12-02 16:28:05,982 - Login Pressure - INFO - 0015 login spends 13.72962999343872 seconds.
2016-12-02 16:28:05,982 - Login Pressure - INFO - hk login spends 13.540632009506226 seconds.
2016-12-02 16:28:06,112 - Login Pressure - INFO - slt login spends 13.830668926239014 seconds.
2016-12-02 16:28:06,195 - Login Pressure - INFO - 0004 login spends 13.950539827346802 seconds.
2016-12-02 16:28:06,237 - Login Pressure - INFO - 020 login spends 13.97516918182373 seconds.
2016-12-02 16:28:06,324 - Login Pressure - INFO - 制作人 login spends 14.034385919570923 seconds.
2016-12-02 16:28:06,359 - Login Pressure - INFO - ye login spends 14.036811113357544 seconds.
2016-12-02 16:28:06,474 - Login Pressure - INFO - yeliang login spends 14.163504838943481 seconds.
2016-12-02 16:28:06,495 - Login Pressure - INFO - tls login spends 14.154954195022583 seconds.
2016-12-02 16:28:06,626 - Login Pressure - INFO - tls2 login spends 14.265133142471313 seconds.
2016-12-02 16:28:06,705 - Login Pressure - INFO - 335123 login spends 14.360607147216797 seconds.
2016-12-02 16:28:06,848 - Login Pressure - INFO - hui1 login spends 14.467798948287964 seconds.
2016-12-02 16:28:06,850 - Login Pressure - INFO - zang login spends 14.4777090549469 seconds.
2016-12-02 16:28:06,965 - Login Pressure - INFO - test1110 login spends 14.572789907455444 seconds.
2016-12-02 16:28:06,974 - Login Pressure - INFO - xhd2 login spends 14.585088968276978 seconds.
2016-12-02 16:28:07,093 - Login Pressure - INFO - yuxiangoo login spends 14.69556212425232 seconds.
2016-12-02 16:28:07,188 - Login Pressure - INFO - yinglechao login spends 14.785513162612915 seconds.
2016-12-02 16:28:07,208 - Login Pressure - INFO - 0630test1 login spends 14.779463052749634 seconds.
2016-12-02 16:28:07,222 - Login Pressure - INFO - 0202 login spends 14.812543869018555 seconds.
2016-12-02 16:28:07,299 - Login Pressure - INFO - jiangdi login spends 14.85848879814148 seconds.
2016-12-02 16:28:07,338 - Login Pressure - INFO - jd login spends 14.89497709274292 seconds.
2016-12-02 16:28:07,447 - Login Pressure - INFO - jiangdii login spends 15.000401020050049 seconds.
2016-12-02 16:28:07,467 - Login Pressure - INFO - ham login spends 15.01429295539856 seconds.
2016-12-02 16:28:07,569 - Login Pressure - INFO - qhj login spends 15.11232304573059 seconds.
2016-12-02 16:28:07,779 - Login Pressure - INFO - kuanghe login spends 15.333940029144287 seconds.
